<?xml version="1.0" encoding="UTF-8"?>
<testsuite xmlns:xsi="http://www.w3.org/2001/XMLSchema-instance" xsi:noNamespaceSchemaLocation="https://maven.apache.org/surefire/maven-surefire-plugin/xsd/surefire-test-report.xsd" version="3.0.2" name="org.bayat.crudpreparedstatement.CrudpreparedstatementApplicationTests" time="3.28" tests="1" errors="0" skipped="0" failures="0">
  <properties>
    <property name="java.specification.version" value="21"/>
    <property name="sun.cpu.isalist" value="amd64"/>
    <property name="sun.jnu.encoding" value="Cp1252"/>
    <property name="java.class.path" value="D:\projects\crudpreparedstatement\target\test-classes;D:\projects\crudpreparedstatement\target\classes;D:\.m2\repository\org\springframework\boot\spring-boot-starter-data-jdbc\3.4.3\spring-boot-starter-data-jdbc-3.4.3.jar;D:\.m2\repository\org\springframework\data\spring-data-jdbc\3.4.3\spring-data-jdbc-3.4.3.jar;D:\.m2\repository\org\springframework\data\spring-data-relational\3.4.3\spring-data-relational-3.4.3.jar;D:\.m2\repository\org\springframework\data\spring-data-commons\3.4.3\spring-data-commons-3.4.3.jar;D:\.m2\repository\org\springframework\spring-tx\6.2.3\spring-tx-6.2.3.jar;D:\.m2\repository\org\springframework\spring-context\6.2.3\spring-context-6.2.3.jar;D:\.m2\repository\org\springframework\spring-beans\6.2.3\spring-beans-6.2.3.jar;D:\.m2\repository\org\slf4j\slf4j-api\2.0.16\slf4j-api-2.0.16.jar;D:\.m2\repository\org\springframework\boot\spring-boot-starter-jdbc\3.4.3\spring-boot-starter-jdbc-3.4.3.jar;D:\.m2\repository\org\springframework\boot\spring-boot-starter\3.4.3\spring-boot-starter-3.4.3.jar;D:\.m2\repository\org\springframework\boot\spring-boot\3.4.3\spring-boot-3.4.3.jar;D:\.m2\repository\org\springframework\boot\spring-boot-autoconfigure\3.4.3\spring-boot-autoconfigure-3.4.3.jar;D:\.m2\repository\org\springframework\boot\spring-boot-starter-logging\3.4.3\spring-boot-starter-logging-3.4.3.jar;D:\.m2\repository\ch\qos\logback\logback-classic\1.5.16\logback-classic-1.5.16.jar;D:\.m2\repository\ch\qos\logback\logback-core\1.5.16\logback-core-1.5.16.jar;D:\.m2\repository\org\apache\logging\log4j\log4j-to-slf4j\2.24.3\log4j-to-slf4j-2.24.3.jar;D:\.m2\repository\org\apache\logging\log4j\log4j-api\2.24.3\log4j-api-2.24.3.jar;D:\.m2\repository\org\slf4j\jul-to-slf4j\2.0.16\jul-to-slf4j-2.0.16.jar;D:\.m2\repository\jakarta\annotation\jakarta.annotation-api\2.1.1\jakarta.annotation-api-2.1.1.jar;D:\.m2\repository\org\yaml\snakeyaml\2.3\snakeyaml-2.3.jar;D:\.m2\repository\com\zaxxer\HikariCP\5.1.0\HikariCP-5.1.0.jar;D:\.m2\repository\org\springframework\spring-jdbc\6.2.3\spring-jdbc-6.2.3.jar;D:\.m2\repository\org\springframework\boot\spring-boot-starter-web\3.4.3\spring-boot-starter-web-3.4.3.jar;D:\.m2\repository\org\springframework\boot\spring-boot-starter-json\3.4.3\spring-boot-starter-json-3.4.3.jar;D:\.m2\repository\com\fasterxml\jackson\core\jackson-databind\2.18.2\jackson-databind-2.18.2.jar;D:\.m2\repository\com\fasterxml\jackson\core\jackson-annotations\2.18.2\jackson-annotations-2.18.2.jar;D:\.m2\repository\com\fasterxml\jackson\core\jackson-core\2.18.2\jackson-core-2.18.2.jar;D:\.m2\repository\com\fasterxml\jackson\datatype\jackson-datatype-jdk8\2.18.2\jackson-datatype-jdk8-2.18.2.jar;D:\.m2\repository\com\fasterxml\jackson\datatype\jackson-datatype-jsr310\2.18.2\jackson-datatype-jsr310-2.18.2.jar;D:\.m2\repository\com\fasterxml\jackson\module\jackson-module-parameter-names\2.18.2\jackson-module-parameter-names-2.18.2.jar;D:\.m2\repository\org\springframework\boot\spring-boot-starter-tomcat\3.4.3\spring-boot-starter-tomcat-3.4.3.jar;D:\.m2\repository\org\apache\tomcat\embed\tomcat-embed-core\10.1.36\tomcat-embed-core-10.1.36.jar;D:\.m2\repository\org\apache\tomcat\embed\tomcat-embed-el\10.1.36\tomcat-embed-el-10.1.36.jar;D:\.m2\repository\org\apache\tomcat\embed\tomcat-embed-websocket\10.1.36\tomcat-embed-websocket-10.1.36.jar;D:\.m2\repository\org\springframework\spring-web\6.2.3\spring-web-6.2.3.jar;D:\.m2\repository\io\micrometer\micrometer-observation\1.14.4\micrometer-observation-1.14.4.jar;D:\.m2\repository\io\micrometer\micrometer-commons\1.14.4\micrometer-commons-1.14.4.jar;D:\.m2\repository\org\springframework\spring-webmvc\6.2.3\spring-webmvc-6.2.3.jar;D:\.m2\repository\org\springframework\spring-aop\6.2.3\spring-aop-6.2.3.jar;D:\.m2\repository\org\springframework\spring-expression\6.2.3\spring-expression-6.2.3.jar;D:\.m2\repository\org\postgresql\postgresql\42.7.5\postgresql-42.7.5.jar;D:\.m2\repository\org\checkerframework\checker-qual\3.48.3\checker-qual-3.48.3.jar;D:\.m2\repository\org\projectlombok\lombok\1.18.36\lombok-1.18.36.jar;D:\.m2\repository\org\springframework\boot\spring-boot-starter-test\3.4.3\spring-boot-starter-test-3.4.3.jar;D:\.m2\repository\org\springframework\boot\spring-boot-test\3.4.3\spring-boot-test-3.4.3.jar;D:\.m2\repository\org\springframework\boot\spring-boot-test-autoconfigure\3.4.3\spring-boot-test-autoconfigure-3.4.3.jar;D:\.m2\repository\com\jayway\jsonpath\json-path\2.9.0\json-path-2.9.0.jar;D:\.m2\repository\jakarta\xml\bind\jakarta.xml.bind-api\4.0.2\jakarta.xml.bind-api-4.0.2.jar;D:\.m2\repository\jakarta\activation\jakarta.activation-api\2.1.3\jakarta.activation-api-2.1.3.jar;D:\.m2\repository\net\minidev\json-smart\2.5.2\json-smart-2.5.2.jar;D:\.m2\repository\net\minidev\accessors-smart\2.5.2\accessors-smart-2.5.2.jar;D:\.m2\repository\org\ow2\asm\asm\9.7.1\asm-9.7.1.jar;D:\.m2\repository\org\assertj\assertj-core\3.26.3\assertj-core-3.26.3.jar;D:\.m2\repository\net\bytebuddy\byte-buddy\1.15.11\byte-buddy-1.15.11.jar;D:\.m2\repository\org\awaitility\awaitility\4.2.2\awaitility-4.2.2.jar;D:\.m2\repository\org\hamcrest\hamcrest\2.2\hamcrest-2.2.jar;D:\.m2\repository\org\junit\jupiter\junit-jupiter\5.11.4\junit-jupiter-5.11.4.jar;D:\.m2\repository\org\junit\jupiter\junit-jupiter-api\5.11.4\junit-jupiter-api-5.11.4.jar;D:\.m2\repository\org\opentest4j\opentest4j\1.3.0\opentest4j-1.3.0.jar;D:\.m2\repository\org\junit\platform\junit-platform-commons\1.11.4\junit-platform-commons-1.11.4.jar;D:\.m2\repository\org\apiguardian\apiguardian-api\1.1.2\apiguardian-api-1.1.2.jar;D:\.m2\repository\org\junit\jupiter\junit-jupiter-params\5.11.4\junit-jupiter-params-5.11.4.jar;D:\.m2\repository\org\junit\jupiter\junit-jupiter-engine\5.11.4\junit-jupiter-engine-5.11.4.jar;D:\.m2\repository\org\junit\platform\junit-platform-engine\1.11.4\junit-platform-engine-1.11.4.jar;D:\.m2\repository\org\mockito\mockito-core\5.14.2\mockito-core-5.14.2.jar;D:\.m2\repository\net\bytebuddy\byte-buddy-agent\1.15.11\byte-buddy-agent-1.15.11.jar;D:\.m2\repository\org\objenesis\objenesis\3.3\objenesis-3.3.jar;D:\.m2\repository\org\mockito\mockito-junit-jupiter\5.14.2\mockito-junit-jupiter-5.14.2.jar;D:\.m2\repository\org\skyscreamer\jsonassert\1.5.3\jsonassert-1.5.3.jar;D:\.m2\repository\com\vaadin\external\google\android-json\0.0.20131108.vaadin1\android-json-0.0.20131108.vaadin1.jar;D:\.m2\repository\org\springframework\spring-core\6.2.3\spring-core-6.2.3.jar;D:\.m2\repository\org\springframework\spring-jcl\6.2.3\spring-jcl-6.2.3.jar;D:\.m2\repository\org\springframework\spring-test\6.2.3\spring-test-6.2.3.jar;D:\.m2\repository\org\xmlunit\xmlunit-core\2.10.0\xmlunit-core-2.10.0.jar;"/>
    <property name="java.vm.vendor" value="Oracle Corporation"/>
    <property name="sun.arch.data.model" value="64"/>
    <property name="user.variant" value=""/>
    <property name="java.vendor.url" value="https://java.oracle.com/"/>
    <property name="user.timezone" value="Asia/Tehran"/>
    <property name="os.name" value="Windows 11"/>
    <property name="java.vm.specification.version" value="21"/>
    <property name="APPLICATION_NAME" value="crudpreparedstatement"/>
    <property name="sun.java.launcher" value="SUN_STANDARD"/>
    <property name="user.country" value="US"/>
    <property name="sun.boot.library.path" value="C:\Program Files\Java\jdk-21\bin"/>
    <property name="sun.java.command" value="C:\Users\N_Bayat\AppData\Local\Temp\surefire3988790111701520120\surefirebooter-20250317144628747_3.jar C:\Users\N_Bayat\AppData\Local\Temp\surefire3988790111701520120 2025-03-17T14-46-28_597-jvmRun1 surefire-20250317144628747_1tmp surefire_0-20250317144628747_2tmp"/>
    <property name="jdk.debug" value="release"/>
    <property name="surefire.test.class.path" value="D:\projects\crudpreparedstatement\target\test-classes;D:\projects\crudpreparedstatement\target\classes;D:\.m2\repository\org\springframework\boot\spring-boot-starter-data-jdbc\3.4.3\spring-boot-starter-data-jdbc-3.4.3.jar;D:\.m2\repository\org\springframework\data\spring-data-jdbc\3.4.3\spring-data-jdbc-3.4.3.jar;D:\.m2\repository\org\springframework\data\spring-data-relational\3.4.3\spring-data-relational-3.4.3.jar;D:\.m2\repository\org\springframework\data\spring-data-commons\3.4.3\spring-data-commons-3.4.3.jar;D:\.m2\repository\org\springframework\spring-tx\6.2.3\spring-tx-6.2.3.jar;D:\.m2\repository\org\springframework\spring-context\6.2.3\spring-context-6.2.3.jar;D:\.m2\repository\org\springframework\spring-beans\6.2.3\spring-beans-6.2.3.jar;D:\.m2\repository\org\slf4j\slf4j-api\2.0.16\slf4j-api-2.0.16.jar;D:\.m2\repository\org\springframework\boot\spring-boot-starter-jdbc\3.4.3\spring-boot-starter-jdbc-3.4.3.jar;D:\.m2\repository\org\springframework\boot\spring-boot-starter\3.4.3\spring-boot-starter-3.4.3.jar;D:\.m2\repository\org\springframework\boot\spring-boot\3.4.3\spring-boot-3.4.3.jar;D:\.m2\repository\org\springframework\boot\spring-boot-autoconfigure\3.4.3\spring-boot-autoconfigure-3.4.3.jar;D:\.m2\repository\org\springframework\boot\spring-boot-starter-logging\3.4.3\spring-boot-starter-logging-3.4.3.jar;D:\.m2\repository\ch\qos\logback\logback-classic\1.5.16\logback-classic-1.5.16.jar;D:\.m2\repository\ch\qos\logback\logback-core\1.5.16\logback-core-1.5.16.jar;D:\.m2\repository\org\apache\logging\log4j\log4j-to-slf4j\2.24.3\log4j-to-slf4j-2.24.3.jar;D:\.m2\repository\org\apache\logging\log4j\log4j-api\2.24.3\log4j-api-2.24.3.jar;D:\.m2\repository\org\slf4j\jul-to-slf4j\2.0.16\jul-to-slf4j-2.0.16.jar;D:\.m2\repository\jakarta\annotation\jakarta.annotation-api\2.1.1\jakarta.annotation-api-2.1.1.jar;D:\.m2\repository\org\yaml\snakeyaml\2.3\snakeyaml-2.3.jar;D:\.m2\repository\com\zaxxer\HikariCP\5.1.0\HikariCP-5.1.0.jar;D:\.m2\repository\org\springframework\spring-jdbc\6.2.3\spring-jdbc-6.2.3.jar;D:\.m2\repository\org\springframework\boot\spring-boot-starter-web\3.4.3\spring-boot-starter-web-3.4.3.jar;D:\.m2\repository\org\springframework\boot\spring-boot-starter-json\3.4.3\spring-boot-starter-json-3.4.3.jar;D:\.m2\repository\com\fasterxml\jackson\core\jackson-databind\2.18.2\jackson-databind-2.18.2.jar;D:\.m2\repository\com\fasterxml\jackson\core\jackson-annotations\2.18.2\jackson-annotations-2.18.2.jar;D:\.m2\repository\com\fasterxml\jackson\core\jackson-core\2.18.2\jackson-core-2.18.2.jar;D:\.m2\repository\com\fasterxml\jackson\datatype\jackson-datatype-jdk8\2.18.2\jackson-datatype-jdk8-2.18.2.jar;D:\.m2\repository\com\fasterxml\jackson\datatype\jackson-datatype-jsr310\2.18.2\jackson-datatype-jsr310-2.18.2.jar;D:\.m2\repository\com\fasterxml\jackson\module\jackson-module-parameter-names\2.18.2\jackson-module-parameter-names-2.18.2.jar;D:\.m2\repository\org\springframework\boot\spring-boot-starter-tomcat\3.4.3\spring-boot-starter-tomcat-3.4.3.jar;D:\.m2\repository\org\apache\tomcat\embed\tomcat-embed-core\10.1.36\tomcat-embed-core-10.1.36.jar;D:\.m2\repository\org\apache\tomcat\embed\tomcat-embed-el\10.1.36\tomcat-embed-el-10.1.36.jar;D:\.m2\repository\org\apache\tomcat\embed\tomcat-embed-websocket\10.1.36\tomcat-embed-websocket-10.1.36.jar;D:\.m2\repository\org\springframework\spring-web\6.2.3\spring-web-6.2.3.jar;D:\.m2\repository\io\micrometer\micrometer-observation\1.14.4\micrometer-observation-1.14.4.jar;D:\.m2\repository\io\micrometer\micrometer-commons\1.14.4\micrometer-commons-1.14.4.jar;D:\.m2\repository\org\springframework\spring-webmvc\6.2.3\spring-webmvc-6.2.3.jar;D:\.m2\repository\org\springframework\spring-aop\6.2.3\spring-aop-6.2.3.jar;D:\.m2\repository\org\springframework\spring-expression\6.2.3\spring-expression-6.2.3.jar;D:\.m2\repository\org\postgresql\postgresql\42.7.5\postgresql-42.7.5.jar;D:\.m2\repository\org\checkerframework\checker-qual\3.48.3\checker-qual-3.48.3.jar;D:\.m2\repository\org\projectlombok\lombok\1.18.36\lombok-1.18.36.jar;D:\.m2\repository\org\springframework\boot\spring-boot-starter-test\3.4.3\spring-boot-starter-test-3.4.3.jar;D:\.m2\repository\org\springframework\boot\spring-boot-test\3.4.3\spring-boot-test-3.4.3.jar;D:\.m2\repository\org\springframework\boot\spring-boot-test-autoconfigure\3.4.3\spring-boot-test-autoconfigure-3.4.3.jar;D:\.m2\repository\com\jayway\jsonpath\json-path\2.9.0\json-path-2.9.0.jar;D:\.m2\repository\jakarta\xml\bind\jakarta.xml.bind-api\4.0.2\jakarta.xml.bind-api-4.0.2.jar;D:\.m2\repository\jakarta\activation\jakarta.activation-api\2.1.3\jakarta.activation-api-2.1.3.jar;D:\.m2\repository\net\minidev\json-smart\2.5.2\json-smart-2.5.2.jar;D:\.m2\repository\net\minidev\accessors-smart\2.5.2\accessors-smart-2.5.2.jar;D:\.m2\repository\org\ow2\asm\asm\9.7.1\asm-9.7.1.jar;D:\.m2\repository\org\assertj\assertj-core\3.26.3\assertj-core-3.26.3.jar;D:\.m2\repository\net\bytebuddy\byte-buddy\1.15.11\byte-buddy-1.15.11.jar;D:\.m2\repository\org\awaitility\awaitility\4.2.2\awaitility-4.2.2.jar;D:\.m2\repository\org\hamcrest\hamcrest\2.2\hamcrest-2.2.jar;D:\.m2\repository\org\junit\jupiter\junit-jupiter\5.11.4\junit-jupiter-5.11.4.jar;D:\.m2\repository\org\junit\jupiter\junit-jupiter-api\5.11.4\junit-jupiter-api-5.11.4.jar;D:\.m2\repository\org\opentest4j\opentest4j\1.3.0\opentest4j-1.3.0.jar;D:\.m2\repository\org\junit\platform\junit-platform-commons\1.11.4\junit-platform-commons-1.11.4.jar;D:\.m2\repository\org\apiguardian\apiguardian-api\1.1.2\apiguardian-api-1.1.2.jar;D:\.m2\repository\org\junit\jupiter\junit-jupiter-params\5.11.4\junit-jupiter-params-5.11.4.jar;D:\.m2\repository\org\junit\jupiter\junit-jupiter-engine\5.11.4\junit-jupiter-engine-5.11.4.jar;D:\.m2\repository\org\junit\platform\junit-platform-engine\1.11.4\junit-platform-engine-1.11.4.jar;D:\.m2\repository\org\mockito\mockito-core\5.14.2\mockito-core-5.14.2.jar;D:\.m2\repository\net\bytebuddy\byte-buddy-agent\1.15.11\byte-buddy-agent-1.15.11.jar;D:\.m2\repository\org\objenesis\objenesis\3.3\objenesis-3.3.jar;D:\.m2\repository\org\mockito\mockito-junit-jupiter\5.14.2\mockito-junit-jupiter-5.14.2.jar;D:\.m2\repository\org\skyscreamer\jsonassert\1.5.3\jsonassert-1.5.3.jar;D:\.m2\repository\com\vaadin\external\google\android-json\0.0.20131108.vaadin1\android-json-0.0.20131108.vaadin1.jar;D:\.m2\repository\org\springframework\spring-core\6.2.3\spring-core-6.2.3.jar;D:\.m2\repository\org\springframework\spring-jcl\6.2.3\spring-jcl-6.2.3.jar;D:\.m2\repository\org\springframework\spring-test\6.2.3\spring-test-6.2.3.jar;D:\.m2\repository\org\xmlunit\xmlunit-core\2.10.0\xmlunit-core-2.10.0.jar;"/>
    <property name="sun.cpu.endian" value="little"/>
    <property name="user.home" value="C:\Users\N_Bayat"/>
    <property name="user.language" value="en"/>
    <property name="java.specification.vendor" value="Oracle Corporation"/>
    <property name="java.version.date" value="2024-01-16"/>
    <property name="java.home" value="C:\Program Files\Java\jdk-21"/>
    <property name="file.separator" value="\"/>
    <property name="basedir" value="D:\projects\crudpreparedstatement"/>
    <property name="java.vm.compressedOopsMode" value="32-bit"/>
    <property name="line.separator" value="&#10;"/>
    <property name="java.vm.specification.vendor" value="Oracle Corporation"/>
    <property name="java.specification.name" value="Java Platform API Specification"/>
    <property name="FILE_LOG_CHARSET" value="UTF-8"/>
    <property name="java.awt.headless" value="true"/>
    <property name="surefire.real.class.path" value="C:\Users\N_Bayat\AppData\Local\Temp\surefire3988790111701520120\surefirebooter-20250317144628747_3.jar"/>
    <property name="user.script" value=""/>
    <property name="sun.management.compiler" value="HotSpot 64-Bit Tiered Compilers"/>
    <property name="java.runtime.version" value="21.0.2+13-LTS-58"/>
    <property name="user.name" value="n_bayat"/>
    <property name="stdout.encoding" value="Cp1252"/>
    <property name="path.separator" value=";"/>
    <property name="os.version" value="10.0"/>
    <property name="java.runtime.name" value="Java(TM) SE Runtime Environment"/>
    <property name="file.encoding" value="UTF-8"/>
    <property name="java.vm.name" value="Java HotSpot(TM) 64-Bit Server VM"/>
    <property name="localRepository" value="D:\.m2\repository"/>
    <property name="java.vendor.url.bug" value="https://bugreport.java.com/bugreport/"/>
    <property name="java.io.tmpdir" value="C:\Users\N_Bayat\AppData\Local\Temp\"/>
    <property name="idea.version" value="2024.3"/>
    <property name="com.zaxxer.hikari.pool_number" value="1"/>
    <property name="java.version" value="21.0.2"/>
    <property name="user.dir" value="D:\projects\crudpreparedstatement"/>
    <property name="os.arch" value="amd64"/>
    <property name="java.vm.specification.name" value="Java Virtual Machine Specification"/>
    <property name="PID" value="11224"/>
    <property name="sun.os.patch.level" value=""/>
    <property name="CONSOLE_LOG_CHARSET" value="UTF-8"/>
    <property name="native.encoding" value="Cp1252"/>
    <property name="java.library.path" value="C:\Program Files\Java\jdk-21\bin;C:\Windows\Sun\Java\bin;C:\Windows\system32;C:\Windows;C:\Program Files\Common Files\Oracle\Java\javapath;C:\Program Files (x86)\Common Files\Oracle\Java\javapath;C:\Windows\system32;C:\Windows;C:\Windows\System32\Wbem;C:\Windows\System32\WindowsPowerShell\v1.0\;C:\Windows\System32\OpenSSH\;C:\OpenSSL-Win32\bin;C:\Windows\CCM;C:\Program Files\Git\cmd;E:\setup\apache-maven-3.9.6\bin;;C:\Program Files\Docker\Docker\resources\bin;C:\Users\N_Bayat\AppData\Local\Microsoft\WindowsApps;;."/>
    <property name="java.vm.info" value="mixed mode, sharing"/>
    <property name="stderr.encoding" value="Cp1252"/>
    <property name="java.vendor" value="Oracle Corporation"/>
    <property name="java.vm.version" value="21.0.2+13-LTS-58"/>
    <property name="sun.io.unicode.encoding" value="UnicodeLittle"/>
    <property name="java.class.version" value="65.0"/>
    <property name="LOGGED_APPLICATION_NAME" value="[crudpreparedstatement] "/>
  </properties>
  <testcase name="contextLoads" classname="org.bayat.crudpreparedstatement.CrudpreparedstatementApplicationTests" time="0.796">
    <system-out><![CDATA[14:46:29.485 [main] INFO org.springframework.test.context.support.AnnotationConfigContextLoaderUtils -- Could not detect default configuration classes for test class [org.bayat.crudpreparedstatement.CrudpreparedstatementApplicationTests]: CrudpreparedstatementApplicationTests does not declare any static, non-private, non-final, nested classes annotated with @Configuration.
14:46:29.601 [main] INFO org.springframework.boot.test.context.SpringBootTestContextBootstrapper -- Found @SpringBootConfiguration org.bayat.crudpreparedstatement.CrudpreparedstatementApplication for test class org.bayat.crudpreparedstatement.CrudpreparedstatementApplicationTests

  .   ____          _            __ _ _
 /\\ / ___'_ __ _ _(_)_ __  __ _ \ \ \ \
( ( )\___ | '_ | '_| | '_ \/ _` | \ \ \ \
 \\/  ___)| |_)| | | | | || (_| |  ) ) ) )
  '  |____| .__|_| |_|_| |_\__, | / / / /
 =========|_|==============|___/=/_/_/_/

 :: Spring Boot ::                (v3.4.3)

2025-03-17T14:46:29.993+03:30  INFO 11224 --- [crudpreparedstatement] [           main] .c.CrudpreparedstatementApplicationTests : Starting CrudpreparedstatementApplicationTests using Java 21.0.2 with PID 11224 (started by n_bayat in D:\projects\crudpreparedstatement)
2025-03-17T14:46:29.994+03:30  INFO 11224 --- [crudpreparedstatement] [           main] .c.CrudpreparedstatementApplicationTests : No active profile set, falling back to 1 default profile: "default"
2025-03-17T14:46:30.567+03:30  INFO 11224 --- [crudpreparedstatement] [           main] .s.d.r.c.RepositoryConfigurationDelegate : Bootstrapping Spring Data JDBC repositories in DEFAULT mode.
2025-03-17T14:46:30.584+03:30  INFO 11224 --- [crudpreparedstatement] [           main] .s.d.r.c.RepositoryConfigurationDelegate : Finished Spring Data repository scanning in 11 ms. Found 0 JDBC repository interfaces.
2025-03-17T14:46:31.407+03:30  INFO 11224 --- [crudpreparedstatement] [           main] com.zaxxer.hikari.HikariDataSource       : HikariPool-1 - Starting...
2025-03-17T14:46:31.619+03:30  INFO 11224 --- [crudpreparedstatement] [           main] com.zaxxer.hikari.pool.HikariPool        : HikariPool-1 - Added connection org.postgresql.jdbc.PgConnection@7d66e544
2025-03-17T14:46:31.620+03:30  INFO 11224 --- [crudpreparedstatement] [           main] com.zaxxer.hikari.HikariDataSource       : HikariPool-1 - Start completed.
2025-03-17T14:46:31.818+03:30  INFO 11224 --- [crudpreparedstatement] [           main] .c.CrudpreparedstatementApplicationTests : Started CrudpreparedstatementApplicationTests in 2.067 seconds (process running for 2.94)
]]></system-out>
    <system-err><![CDATA[Mockito is currently self-attaching to enable the inline-mock-maker. This will no longer work in future releases of the JDK. Please add Mockito as an agent to your build what is described in Mockito's documentation: https://javadoc.io/doc/org.mockito/mockito-core/latest/org/mockito/Mockito.html#0.3
WARNING: A Java agent has been loaded dynamically (D:\.m2\repository\net\bytebuddy\byte-buddy-agent\1.15.11\byte-buddy-agent-1.15.11.jar)
WARNING: If a serviceability tool is in use, please run with -XX:+EnableDynamicAgentLoading to hide this warning
WARNING: If a serviceability tool is not in use, please run with -Djdk.instrument.traceUsage for more information
WARNING: Dynamic loading of agents will be disallowed by default in a future release
]]></system-err>
  </testcase>
</testsuite>